<?xml version="1.0" encoding="UTF-8"?>
<testsuite name="Scenario: creation fails with already taken username and valid password" tests="6" skipped="0" failures="0" errors="0" timestamp="2018-11-18T18:54:54" hostname="DESKTOP-1S21JT7" time="0.004">
  <properties/>
  <testcase name="Given command new user is selected" classname="Scenario: creation fails with already taken username and valid password" time="0.0"/>
  <testcase name="When username &quot;newuser&quot; and password &quot;newpassword1&quot; are entered" classname="Scenario: creation fails with already taken username and valid password" time="0.0"/>
  <testcase name="And system will respond with &quot;new user registered&quot;" classname="Scenario: creation fails with already taken username and valid password" time="0.0"/>
  <testcase name="And username &quot;newuser&quot; and password &quot;newpassword1&quot; are entered" classname="Scenario: creation fails with already taken username and valid password" time="0.0"/>
  <testcase name="Then system will respond with &quot;new user not registered&quot;" classname="Scenario: creation fails with already taken username and valid password" time="0.0"/>
  <testcase name="classMethod" classname="Scenario: creation fails with already taken username and valid password" time="0.006"/>
  <system-out><![CDATA[
  Scenario: creation is successful with valid username and password ?[90m# ohtu/new_user.feature:4?[0m
    ?[32mGiven ?[0m?[32mcommand new user is selected?[0m                              ?[90m# Stepdefs.command_new_user()?[0m
    ?[32mWhen ?[0m?[32musername "?[0m?[32m?[1mnewuser?[0m?[32m" and password "?[0m?[32m?[1mnewpassword1?[0m?[32m" are entered?[0m ?[90m# Stepdefs.a_username_and_password_are_entered(String,String)?[0m
    ?[32mThen ?[0m?[32msystem will respond with "?[0m?[32m?[1mnew user registered?[0m?[32m"?[0m             ?[90m# Stepdefs.system_will_respond_with(String)?[0m
]]></system-out>
  <system-err><![CDATA[]]></system-err>
</testsuite>
